2025-10-17 10:48:13 INFO src\main.rs:6 - test
2025-10-17 10:48:27 INFO src\main.rs:6 - test
2025-10-17 10:48:58 INFO src\main.rs:6 - test
2025-10-17 10:48:58 INFO src\main.rs:7 - Guess the number!
2025-10-17 10:50:36 INFO src\main.rs:7 - test
2025-10-17 10:50:36 INFO src\main.rs:8 - Guess the number!
2025-10-17 10:50:36 INFO src\main.rs:9 - Please input your guess.
2025-10-17 10:51:03 INFO src\main.rs:7 - test
2025-10-17 10:51:03 INFO src\main.rs:8 - Guess the number!
2025-10-17 10:51:03 INFO src\main.rs:9 - Please input your guess.
2025-10-17 10:51:03 INFO src\main.rs:16 - You guessed: 
2025-10-17 10:51:05 INFO src\main.rs:7 - test
2025-10-17 10:51:05 INFO src\main.rs:8 - Guess the number!
2025-10-17 10:51:05 INFO src\main.rs:9 - Please input your guess.
2025-10-17 10:51:05 INFO src\main.rs:16 - You guessed: 
2025-10-17 10:51:09 INFO src\main.rs:7 - Guess the number!
2025-10-17 10:51:09 INFO src\main.rs:8 - Please input your guess.
2025-10-17 10:51:09 INFO src\main.rs:15 - You guessed: 
2025-10-17 22:02:35 INFO src/main.rs:7 - Guess the number!
2025-10-17 22:02:35 INFO src/main.rs:8 - Please input your guess.
2025-10-17 22:02:38 INFO src/main.rs:15 - You guessed: 3

2025-10-17 22:04:33 INFO src/main.rs:8 - Guess the number!
2025-10-17 22:04:33 INFO src/main.rs:12 - The secret number is: 27
2025-10-17 22:04:33 INFO src/main.rs:14 - Please input your guess.
2025-10-17 22:09:07 INFO src/main.rs:8 - Guess the number!
2025-10-17 22:09:07 INFO src/main.rs:12 - The secret number is: 41
2025-10-17 22:09:07 INFO src/main.rs:14 - Please input your guess.
2025-10-17 22:09:08 INFO src/main.rs:26 - You guessed: 2
2025-10-17 22:09:08 INFO src/main.rs:29 - Too small
2025-10-17 22:09:11 INFO src/main.rs:8 - Guess the number!
2025-10-17 22:09:11 INFO src/main.rs:12 - The secret number is: 30
2025-10-17 22:09:11 INFO src/main.rs:14 - Please input your guess.
2025-10-17 22:09:12 INFO src/main.rs:26 - You guessed: 5
2025-10-17 22:09:12 INFO src/main.rs:29 - Too small
2025-10-17 22:14:03 INFO src/main.rs:8 - Guess the number!
2025-10-17 22:14:03 INFO src/main.rs:12 - The secret number is: 67
2025-10-17 22:14:03 INFO src/main.rs:14 - Please input your guess.
2025-10-17 22:14:04 INFO src/main.rs:29 - You guessed: 32
2025-10-17 22:14:04 INFO src/main.rs:32 - Too small
2025-10-17 22:14:41 INFO src/main.rs:8 - Guess the number!
2025-10-17 22:14:41 INFO src/main.rs:12 - The secret number is: 44
2025-10-17 22:14:41 INFO src/main.rs:14 - Please input your guess.
2025-10-17 22:14:42 INFO src/main.rs:29 - You guessed: 2
2025-10-17 22:14:42 INFO src/main.rs:32 - Too small
2025-10-17 22:15:25 INFO src/main.rs:8 - Guess the number!
2025-10-17 22:15:25 INFO src/main.rs:12 - The secret number is: 32
2025-10-17 22:15:25 INFO src/main.rs:14 - Please input your guess.
2025-10-17 22:15:26 INFO src/main.rs:29 - You guessed: 4
2025-10-17 22:15:26 INFO src/main.rs:32 - Too small
2025-10-17 22:16:06 INFO src/main.rs:8 - Guess the number!
2025-10-17 22:16:06 INFO src/main.rs:12 - The secret number is: 46
2025-10-17 22:16:06 INFO src/main.rs:15 - Please input your guess.
2025-10-17 22:16:07 INFO src/main.rs:26 - You guessed: 4
2025-10-17 22:16:07 INFO src/main.rs:29 - Too small
2025-10-17 22:16:07 INFO src/main.rs:15 - Please input your guess.
2025-10-17 22:16:08 INFO src/main.rs:26 - You guessed: 5
2025-10-17 22:16:08 INFO src/main.rs:29 - Too small
2025-10-17 22:16:08 INFO src/main.rs:15 - Please input your guess.
2025-10-17 22:16:09 INFO src/main.rs:26 - You guessed: 6
2025-10-17 22:16:09 INFO src/main.rs:29 - Too small
2025-10-17 22:16:09 INFO src/main.rs:15 - Please input your guess.
2025-10-17 22:16:10 INFO src/main.rs:26 - You guessed: 7
2025-10-17 22:16:10 INFO src/main.rs:29 - Too small
2025-10-17 22:16:10 INFO src/main.rs:15 - Please input your guess.
2025-10-17 22:16:12 INFO src/main.rs:26 - You guessed: 10
2025-10-17 22:16:12 INFO src/main.rs:29 - Too small
2025-10-17 22:16:12 INFO src/main.rs:15 - Please input your guess.
2025-10-17 22:16:14 INFO src/main.rs:26 - You guessed: 20
2025-10-17 22:16:14 INFO src/main.rs:29 - Too small
2025-10-17 22:16:14 INFO src/main.rs:15 - Please input your guess.
2025-10-17 22:16:15 INFO src/main.rs:26 - You guessed: 50
2025-10-17 22:16:15 INFO src/main.rs:30 - Too big!
2025-10-17 22:16:15 INFO src/main.rs:15 - Please input your guess.
2025-10-17 22:16:18 INFO src/main.rs:26 - You guessed: 50
2025-10-17 22:16:18 INFO src/main.rs:30 - Too big!
2025-10-17 22:16:18 INFO src/main.rs:15 - Please input your guess.
2025-10-17 22:16:19 INFO src/main.rs:26 - You guessed: 40
2025-10-17 22:16:19 INFO src/main.rs:29 - Too small
2025-10-17 22:16:19 INFO src/main.rs:15 - Please input your guess.
2025-10-17 22:16:22 INFO src/main.rs:26 - You guessed: 46
2025-10-17 22:16:22 INFO src/main.rs:32 - You win!
2025-10-17 22:19:08 INFO tests/my_test.rs:9 - The value of x is: 5
2025-10-17 22:20:40 INFO tests/my_test.rs:9 - The value of x is: 5
2025-10-17 22:20:40 INFO tests/my_test.rs:11 - The value of x is: 6
2025-10-17 22:24:19 INFO tests/my_test.rs:9 - The value of x is: 5
2025-10-17 22:24:19 INFO tests/my_test.rs:11 - The value of x is: 6
2025-10-17 22:24:19 INFO tests/my_test.rs:17 - The value of x in the inner scope is: 12
2025-10-17 22:24:19 INFO tests/my_test.rs:19 - The value of x is: 6
2025-10-18 12:00:57 INFO tests/my_test.rs:9 - The value of x is: 5
2025-10-18 12:00:57 INFO tests/my_test.rs:11 - The value of x is: 6
2025-10-18 12:00:57 INFO tests/my_test.rs:17 - The value of x in the inner scope is: 12
2025-10-18 12:00:57 INFO tests/my_test.rs:19 - The value of x is: 6
2025-10-18 12:44:51 INFO tests/my_test.rs:9 - The value of x is: 5
2025-10-18 12:44:51 INFO tests/my_test.rs:11 - The value of x is: 6
2025-10-18 12:44:51 INFO tests/my_test.rs:17 - The value of x in the inner scope is: 12
2025-10-18 12:44:51 INFO tests/my_test.rs:19 - The value of x is: 6
2025-10-18 12:44:51 INFO tests/my_test.rs:22 - 😻
2025-10-18 12:55:03 INFO tests/my_test.rs:9 - The value of x is: 5
2025-10-18 12:55:03 INFO tests/my_test.rs:11 - The value of x is: 6
2025-10-18 12:55:03 INFO tests/my_test.rs:17 - The value of x in the inner scope is: 12
2025-10-18 12:55:03 INFO tests/my_test.rs:19 - The value of x is: 6
2025-10-18 12:55:03 INFO tests/my_test.rs:22 - 😻
2025-10-18 12:55:03 INFO tests/my_test.rs:25 - [3, 3, 3, 3, 3]
2025-10-18 15:45:20 INFO tests/my_test.rs:9 - The value of x is: 5
2025-10-18 15:45:20 INFO tests/my_test.rs:11 - The value of x is: 6
2025-10-18 15:45:20 INFO tests/my_test.rs:17 - The value of x in the inner scope is: 12
2025-10-18 15:45:20 INFO tests/my_test.rs:19 - The value of x is: 6
2025-10-18 15:45:20 INFO tests/my_test.rs:22 - 😻
2025-10-18 15:45:20 INFO tests/my_test.rs:25 - [3, 3, 3, 3, 3]
2025-10-18 15:45:20 INFO tests/my_test.rs:32 - The value of y is: 4
2025-10-18 15:46:58 INFO tests/my_test.rs:9 - The value of x is: 5
2025-10-18 15:46:58 INFO tests/my_test.rs:11 - The value of x is: 6
2025-10-18 15:46:58 INFO tests/my_test.rs:17 - The value of x in the inner scope is: 12
2025-10-18 15:46:58 INFO tests/my_test.rs:19 - The value of x is: 6
2025-10-18 15:46:58 INFO tests/my_test.rs:22 - 😻
2025-10-18 15:46:58 INFO tests/my_test.rs:25 - [3, 3, 3, 3, 3]
2025-10-18 15:46:58 INFO tests/my_test.rs:32 - The value of y is: 4
2025-10-18 15:46:58 INFO tests/my_test.rs:35 - The value of x is: 5
2025-10-18 15:49:01 INFO tests/my_test.rs:9 - The value of x is: 5
2025-10-18 15:49:01 INFO tests/my_test.rs:11 - The value of x is: 6
2025-10-18 15:49:01 INFO tests/my_test.rs:17 - The value of x in the inner scope is: 12
2025-10-18 15:49:01 INFO tests/my_test.rs:19 - The value of x is: 6
2025-10-18 15:49:01 INFO tests/my_test.rs:22 - 😻
2025-10-18 15:49:01 INFO tests/my_test.rs:25 - [3, 3, 3, 3, 3]
2025-10-18 15:49:01 INFO tests/my_test.rs:32 - The value of y is: 4
2025-10-18 15:49:01 INFO tests/my_test.rs:35 - The value of x is: 5
2025-10-18 15:49:01 INFO tests/my_test.rs:38 - The value of x is: 6
2025-10-18 15:50:51 INFO tests/my_test.rs:9 - The value of x is: 5
2025-10-18 15:50:51 INFO tests/my_test.rs:11 - The value of x is: 6
2025-10-18 15:50:51 INFO tests/my_test.rs:17 - The value of x in the inner scope is: 12
2025-10-18 15:50:51 INFO tests/my_test.rs:19 - The value of x is: 6
2025-10-18 15:50:51 INFO tests/my_test.rs:22 - 😻
2025-10-18 15:50:51 INFO tests/my_test.rs:25 - [3, 3, 3, 3, 3]
2025-10-18 15:50:51 INFO tests/my_test.rs:32 - The value of y is: 4
2025-10-18 15:50:51 INFO tests/my_test.rs:35 - The value of x is: 5
2025-10-18 15:50:51 INFO tests/my_test.rs:38 - The value of x is: 6
2025-10-18 15:50:51 INFO tests/my_test.rs:43 - condition was true
2025-10-18 15:52:19 INFO tests/my_test.rs:9 - The value of x is: 5
2025-10-18 15:52:19 INFO tests/my_test.rs:11 - The value of x is: 6
2025-10-18 15:52:19 INFO tests/my_test.rs:17 - The value of x in the inner scope is: 12
2025-10-18 15:52:19 INFO tests/my_test.rs:19 - The value of x is: 6
2025-10-18 15:52:19 INFO tests/my_test.rs:22 - 😻
2025-10-18 15:52:19 INFO tests/my_test.rs:25 - [3, 3, 3, 3, 3]
2025-10-18 15:52:19 INFO tests/my_test.rs:32 - The value of y is: 4
2025-10-18 15:52:19 INFO tests/my_test.rs:35 - The value of x is: 5
2025-10-18 15:52:19 INFO tests/my_test.rs:38 - The value of x is: 6
2025-10-18 15:52:19 INFO tests/my_test.rs:43 - condition was true
2025-10-18 15:52:19 INFO tests/my_test.rs:49 - number was something other than zero
2025-10-18 16:01:03 INFO tests/my_test.rs:9 - The value of x is: 5
2025-10-18 16:01:03 INFO tests/my_test.rs:11 - The value of x is: 6
2025-10-18 16:01:03 INFO tests/my_test.rs:17 - The value of x in the inner scope is: 12
2025-10-18 16:01:03 INFO tests/my_test.rs:19 - The value of x is: 6
2025-10-18 16:01:03 INFO tests/my_test.rs:22 - 😻
2025-10-18 16:01:03 INFO tests/my_test.rs:25 - [3, 3, 3, 3, 3]
2025-10-18 16:01:03 INFO tests/my_test.rs:32 - The value of y is: 4
2025-10-18 16:01:03 INFO tests/my_test.rs:35 - The value of x is: 5
2025-10-18 16:01:03 INFO tests/my_test.rs:38 - The value of x is: 6
2025-10-18 16:01:03 INFO tests/my_test.rs:43 - condition was true
2025-10-18 16:01:03 INFO tests/my_test.rs:49 - number was something other than zero
2025-10-18 16:01:03 INFO tests/my_test.rs:59 - The result is 20
2025-10-18 16:05:28 INFO tests/my_test.rs:9 - The value of x is: 5
2025-10-18 16:05:28 INFO tests/my_test.rs:11 - The value of x is: 6
2025-10-18 16:05:28 INFO tests/my_test.rs:17 - The value of x in the inner scope is: 12
2025-10-18 16:05:28 INFO tests/my_test.rs:19 - The value of x is: 6
2025-10-18 16:05:28 INFO tests/my_test.rs:22 - 😻
2025-10-18 16:05:28 INFO tests/my_test.rs:25 - [3, 3, 3, 3, 3]
2025-10-18 16:05:28 INFO tests/my_test.rs:32 - The value of y is: 4
2025-10-18 16:05:28 INFO tests/my_test.rs:35 - The value of x is: 5
2025-10-18 16:05:28 INFO tests/my_test.rs:38 - The value of x is: 6
2025-10-18 16:05:28 INFO tests/my_test.rs:43 - condition was true
2025-10-18 16:05:28 INFO tests/my_test.rs:49 - number was something other than zero
2025-10-18 16:05:28 INFO tests/my_test.rs:62 - The value is : 10
2025-10-18 16:05:28 INFO tests/my_test.rs:62 - The value is : 20
2025-10-18 16:05:28 INFO tests/my_test.rs:62 - The value is : 30
2025-10-18 16:05:28 INFO tests/my_test.rs:62 - The value is : 40
2025-10-18 16:05:28 INFO tests/my_test.rs:62 - The value is : 50
2025-10-18 16:05:28 INFO tests/my_test.rs:64 - The result is 20
2025-10-18 16:06:35 INFO tests/my_test.rs:9 - The value of x is: 5
2025-10-18 16:06:35 INFO tests/my_test.rs:11 - The value of x is: 6
2025-10-18 16:06:35 INFO tests/my_test.rs:17 - The value of x in the inner scope is: 12
2025-10-18 16:06:35 INFO tests/my_test.rs:19 - The value of x is: 6
2025-10-18 16:06:35 INFO tests/my_test.rs:22 - 😻
2025-10-18 16:06:35 INFO tests/my_test.rs:25 - [3, 3, 3, 3, 3]
2025-10-18 16:06:35 INFO tests/my_test.rs:32 - The value of y is: 4
2025-10-18 16:06:35 INFO tests/my_test.rs:35 - The value of x is: 5
2025-10-18 16:06:35 INFO tests/my_test.rs:38 - The value of x is: 6
2025-10-18 16:06:35 INFO tests/my_test.rs:43 - condition was true
2025-10-18 16:06:35 INFO tests/my_test.rs:49 - number was something other than zero
2025-10-18 16:06:35 INFO tests/my_test.rs:62 - The value is : 10
2025-10-18 16:06:35 INFO tests/my_test.rs:62 - The value is : 20
2025-10-18 16:06:35 INFO tests/my_test.rs:62 - The value is : 30
2025-10-18 16:06:35 INFO tests/my_test.rs:62 - The value is : 40
2025-10-18 16:06:35 INFO tests/my_test.rs:62 - The value is : 50
2025-10-18 16:06:35 INFO tests/my_test.rs:64 - The result is 20
2025-10-18 16:06:35 INFO tests/my_test.rs:67 - 3
2025-10-18 16:06:35 INFO tests/my_test.rs:67 - 2
2025-10-18 16:06:35 INFO tests/my_test.rs:67 - 1
2025-10-18 16:06:35 INFO tests/my_test.rs:69 - LIFTOFF!!!
2025-10-18 16:39:27 INFO tests/my_test.rs:9 - The value of x is: 5
2025-10-18 16:39:27 INFO tests/my_test.rs:11 - The value of x is: 6
2025-10-18 16:39:27 INFO tests/my_test.rs:17 - The value of x in the inner scope is: 12
2025-10-18 16:39:27 INFO tests/my_test.rs:19 - The value of x is: 6
2025-10-18 16:39:27 INFO tests/my_test.rs:22 - 😻
2025-10-18 16:39:27 INFO tests/my_test.rs:25 - [3, 3, 3, 3, 3]
2025-10-18 16:39:27 INFO tests/my_test.rs:32 - The value of y is: 4
2025-10-18 16:39:27 INFO tests/my_test.rs:35 - The value of x is: 5
2025-10-18 16:39:27 INFO tests/my_test.rs:38 - The value of x is: 6
2025-10-18 16:39:27 INFO tests/my_test.rs:43 - condition was true
2025-10-18 16:39:27 INFO tests/my_test.rs:49 - number was something other than zero
2025-10-18 16:39:27 INFO tests/my_test.rs:62 - The value is : 10
2025-10-18 16:39:27 INFO tests/my_test.rs:62 - The value is : 20
2025-10-18 16:39:27 INFO tests/my_test.rs:62 - The value is : 30
2025-10-18 16:39:27 INFO tests/my_test.rs:62 - The value is : 40
2025-10-18 16:39:27 INFO tests/my_test.rs:62 - The value is : 50
2025-10-18 16:39:27 INFO tests/my_test.rs:64 - The result is 20
2025-10-18 16:39:27 INFO tests/my_test.rs:67 - 3
2025-10-18 16:39:27 INFO tests/my_test.rs:67 - 2
2025-10-18 16:39:27 INFO tests/my_test.rs:67 - 1
2025-10-18 16:39:27 INFO tests/my_test.rs:69 - LIFTOFF!!!
2025-10-18 16:39:27 INFO tests/my_test.rs:72 - yours
2025-10-18 16:40:54 INFO tests/my_test.rs:81 - hello
2025-10-18 16:45:04 INFO tests/my_test.rs:81 - hello
2025-10-18 16:45:04 INFO tests/my_test.rs:85 - The length of 'hello' is 5.
2025-10-18 18:45:14 INFO tests/my_test.rs:81 - hello
2025-10-18 18:45:14 INFO tests/my_test.rs:85 - The length of 'hello' is 5.
2025-10-18 18:45:14 INFO tests/my_test.rs:89 - The length of 'hello' is 5
2025-10-18 18:54:44 INFO tests/my_test.rs:81 - hello
2025-10-18 18:54:44 INFO tests/my_test.rs:85 - The length of 'hello' is 5.
2025-10-18 18:54:44 INFO tests/my_test.rs:89 - The length of 'hello' is 5
2025-10-18 18:54:44 INFO tests/my_test.rs:93 - hello, world
2025-10-18 20:10:56 INFO tests/my_test.rs:81 - hello
2025-10-18 20:10:56 INFO tests/my_test.rs:85 - The length of 'hello' is 5.
2025-10-18 20:10:56 INFO tests/my_test.rs:89 - The length of 'hello' is 5
2025-10-18 20:10:56 INFO tests/my_test.rs:93 - hello, world
2025-10-18 20:10:56 INFO tests/my_test.rs:98 - hello and hello
2025-10-18 20:10:56 INFO tests/my_test.rs:100 - hello
2025-10-18 20:52:43 INFO tests/my_test.rs:81 - hello
2025-10-18 20:52:43 INFO tests/my_test.rs:85 - The length of 'hello' is 5.
2025-10-18 20:52:43 INFO tests/my_test.rs:89 - The length of 'hello' is 5
2025-10-18 20:52:43 INFO tests/my_test.rs:93 - hello, world
2025-10-18 20:52:43 INFO tests/my_test.rs:98 - hello and hello
2025-10-18 20:52:43 INFO tests/my_test.rs:100 - hello
2025-10-18 20:52:43 INFO tests/my_test.rs:105 - 5
2025-10-18 20:53:17 INFO tests/my_test.rs:81 - hello
2025-10-18 20:53:17 INFO tests/my_test.rs:85 - The length of 'hello' is 5.
2025-10-18 20:53:17 INFO tests/my_test.rs:89 - The length of 'hello' is 5
2025-10-18 20:53:17 INFO tests/my_test.rs:93 - hello, world
2025-10-18 20:53:17 INFO tests/my_test.rs:98 - hello and hello
2025-10-18 20:53:17 INFO tests/my_test.rs:100 - hello
2025-10-18 20:53:17 INFO tests/my_test.rs:105 - 5
2025-10-18 20:53:17 INFO tests/my_test.rs:106 - hello
2025-10-18 20:53:40 INFO tests/my_test.rs:81 - hello
2025-10-18 20:53:40 INFO tests/my_test.rs:85 - The length of 'hello' is 5.
2025-10-18 20:53:40 INFO tests/my_test.rs:89 - The length of 'hello' is 5
2025-10-18 20:53:40 INFO tests/my_test.rs:93 - hello, world
2025-10-18 20:53:40 INFO tests/my_test.rs:98 - hello and hello
2025-10-18 20:53:40 INFO tests/my_test.rs:100 - hello
2025-10-18 20:53:40 INFO tests/my_test.rs:105 - 5
2025-10-18 20:53:40 INFO tests/my_test.rs:106 - hello
2025-10-18 20:58:09 INFO tests/my_test.rs:81 - hello
2025-10-18 20:58:09 INFO tests/my_test.rs:85 - The length of 'hello' is 5.
2025-10-18 20:58:09 INFO tests/my_test.rs:89 - The length of 'hello' is 5
2025-10-18 20:58:09 INFO tests/my_test.rs:93 - hello, world
2025-10-18 20:58:09 INFO tests/my_test.rs:98 - hello and hello
2025-10-18 20:58:09 INFO tests/my_test.rs:100 - hello
2025-10-18 20:58:09 INFO tests/my_test.rs:105 - hello
2025-10-19 08:55:04 INFO tests/my_test.rs:128 - User { active: true, username: "someusername123", email: "someone@example.com", sign_in_count: 1 }
2025-10-19 08:55:40 INFO tests/my_test.rs:135 - User { active: true, username: "someusername123", email: "someone@example.com", sign_in_count: 1 }
2025-10-19 08:56:49 INFO tests/my_test.rs:137 - User { active: true, username: "someusername123", email: "anotheremail@example.com", sign_in_count: 1 }
2025-10-19 08:58:51 INFO tests/my_test.rs:141 - User { active: true, username: "someusername123", email: "anotheremail@example.com", sign_in_count: 1 }
2025-10-19 08:58:51 INFO tests/my_test.rs:144 - User { active: true, username: "test01", email: "someone@email.com", sign_in_count: 1 }
2025-10-19 09:10:29 INFO tests/my_test.rs:141 - User { active: true, username: "someusername123", email: "anotheremail@example.com", sign_in_count: 1 }
2025-10-19 09:10:29 INFO tests/my_test.rs:144 - User { active: true, username: "test01", email: "someone@email.com", sign_in_count: 1 }
2025-10-19 09:10:29 INFO tests/my_test.rs:150 - User { active: true, username: "test01", email: "another@example.com", sign_in_count: 1 }
2025-10-19 09:29:49 INFO tests/my_test.rs:143 - User { active: true, username: "someusername123", email: "anotheremail@example.com", sign_in_count: 1 }
2025-10-19 09:29:49 INFO tests/my_test.rs:146 - User { active: true, username: "test01", email: "someone@email.com", sign_in_count: 1 }
2025-10-19 09:29:49 INFO tests/my_test.rs:152 - User { active: true, username: "test01", email: "another@example.com", sign_in_count: 1 }
2025-10-19 09:29:49 INFO tests/my_test.rs:160 - The area of the rectangle is 1500 square pixels.
2025-10-19 09:33:51 INFO tests/my_test.rs:143 - User { active: true, username: "someusername123", email: "anotheremail@example.com", sign_in_count: 1 }
2025-10-19 09:33:51 INFO tests/my_test.rs:146 - User { active: true, username: "test01", email: "someone@email.com", sign_in_count: 1 }
2025-10-19 09:33:51 INFO tests/my_test.rs:152 - User { active: true, username: "test01", email: "another@example.com", sign_in_count: 1 }
2025-10-19 09:33:51 INFO tests/my_test.rs:160 - The area of the rectangle is 1500 square pixels.
2025-10-19 09:33:51 INFO tests/my_test.rs:166 - The area of the rectangle is 1500 square pixels.
2025-10-19 09:35:55 INFO tests/my_test.rs:143 - User { active: true, username: "someusername123", email: "anotheremail@example.com", sign_in_count: 1 }
2025-10-19 09:35:55 INFO tests/my_test.rs:146 - User { active: true, username: "test01", email: "someone@email.com", sign_in_count: 1 }
2025-10-19 09:35:55 INFO tests/my_test.rs:152 - User { active: true, username: "test01", email: "another@example.com", sign_in_count: 1 }
2025-10-19 09:35:55 INFO tests/my_test.rs:160 - The area of the rectangle is 1500 square pixels.
2025-10-19 09:35:55 INFO tests/my_test.rs:166 - The area of the rectangle is 1500 square pixels.
2025-10-19 09:35:55 INFO tests/my_test.rs:172 - rect1 is Rectangle { width: 30, height: 50 }
2025-10-19 09:48:43 INFO tests/my_test.rs:143 - User { active: true, username: "someusername123", email: "anotheremail@example.com", sign_in_count: 1 }
2025-10-19 09:48:43 INFO tests/my_test.rs:146 - User { active: true, username: "test01", email: "someone@email.com", sign_in_count: 1 }
2025-10-19 09:48:43 INFO tests/my_test.rs:152 - User { active: true, username: "test01", email: "another@example.com", sign_in_count: 1 }
2025-10-19 09:48:43 INFO tests/my_test.rs:160 - The area of the rectangle is 1500 square pixels.
2025-10-19 09:48:43 INFO tests/my_test.rs:166 - The area of the rectangle is 1500 square pixels.
2025-10-19 09:48:43 INFO tests/my_test.rs:172 - rect1 is Rectangle { width: 30, height: 50 }
2025-10-19 09:48:43 INFO tests/my_test.rs:173 - 1500
2025-10-19 09:52:03 INFO tests/my_test.rs:143 - User { active: true, username: "someusername123", email: "anotheremail@example.com", sign_in_count: 1 }
2025-10-19 09:52:03 INFO tests/my_test.rs:146 - User { active: true, username: "test01", email: "someone@email.com", sign_in_count: 1 }
2025-10-19 09:52:03 INFO tests/my_test.rs:152 - User { active: true, username: "test01", email: "another@example.com", sign_in_count: 1 }
2025-10-19 09:52:03 INFO tests/my_test.rs:160 - The area of the rectangle is 1500 square pixels.
2025-10-19 09:52:03 INFO tests/my_test.rs:166 - The area of the rectangle is 1500 square pixels.
2025-10-19 09:52:03 INFO tests/my_test.rs:172 - rect1 is Rectangle { width: 30, height: 50 }
2025-10-19 09:52:03 INFO tests/my_test.rs:173 - 1500
2025-10-19 09:52:03 INFO tests/my_test.rs:176 - The rectangle has a nonzero width; it is 30
2025-10-19 09:56:30 INFO tests/my_test.rs:143 - User { active: true, username: "someusername123", email: "anotheremail@example.com", sign_in_count: 1 }
2025-10-19 09:56:30 INFO tests/my_test.rs:146 - User { active: true, username: "test01", email: "someone@email.com", sign_in_count: 1 }
2025-10-19 09:56:30 INFO tests/my_test.rs:152 - User { active: true, username: "test01", email: "another@example.com", sign_in_count: 1 }
2025-10-19 09:56:30 INFO tests/my_test.rs:160 - The area of the rectangle is 1500 square pixels.
2025-10-19 09:56:30 INFO tests/my_test.rs:166 - The area of the rectangle is 1500 square pixels.
2025-10-19 09:56:30 INFO tests/my_test.rs:172 - rect1 is Rectangle { width: 30, height: 50 }
2025-10-19 09:56:30 INFO tests/my_test.rs:173 - 1500
2025-10-19 09:56:30 INFO tests/my_test.rs:176 - The rectangle has a nonzero width; it is 30
2025-10-19 09:56:30 INFO tests/my_test.rs:191 - Can rect1 hold rect2? true
2025-10-19 09:56:30 INFO tests/my_test.rs:192 - Can rect1 hold rect3? false
2025-10-19 11:41:10 INFO tests/my_test.rs:143 - User { active: true, username: "someusername123", email: "anotheremail@example.com", sign_in_count: 1 }
2025-10-19 11:41:10 INFO tests/my_test.rs:146 - User { active: true, username: "test01", email: "someone@email.com", sign_in_count: 1 }
2025-10-19 11:41:10 INFO tests/my_test.rs:152 - User { active: true, username: "test01", email: "another@example.com", sign_in_count: 1 }
2025-10-19 11:41:10 INFO tests/my_test.rs:160 - The area of the rectangle is 1500 square pixels.
2025-10-19 11:41:10 INFO tests/my_test.rs:166 - The area of the rectangle is 1500 square pixels.
2025-10-19 11:41:10 INFO tests/my_test.rs:172 - rect1 is Rectangle { width: 30, height: 50 }
2025-10-19 11:41:10 INFO tests/my_test.rs:173 - 1500
2025-10-19 11:41:10 INFO tests/my_test.rs:176 - The rectangle has a nonzero width; it is 30
2025-10-19 11:41:10 INFO tests/my_test.rs:191 - Can rect1 hold rect2? true
2025-10-19 11:41:10 INFO tests/my_test.rs:192 - Can rect1 hold rect3? false
2025-10-19 11:41:10 INFO tests/my_test.rs:195 - Rectangle { width: 3, height: 3 }
2025-10-19 15:38:09 INFO tests/my_test.rs:203 - 10
2025-10-19 15:43:48 INFO tests/my_test.rs:203 - 10
2025-10-19 15:45:57 INFO tests/my_test.rs:203 - 10
2025-10-19 15:49:09 INFO tests/my_test.rs:208 - 10
2025-10-19 15:49:24 INFO tests/my_test.rs:203 - 10
2025-10-19 15:49:24 INFO tests/my_test.rs:207 - 6
2025-10-19 15:49:45 INFO tests/my_test.rs:203 - 10
2025-10-19 15:49:45 INFO tests/my_test.rs:207 - 6
2025-10-19 15:49:56 INFO tests/my_test.rs:203 - 10
2025-10-19 15:49:56 INFO tests/my_test.rs:207 - 6
2025-10-19 15:49:56 INFO tests/my_test.rs:209 - None
2025-10-19 16:08:05 INFO tests/my_test.rs:203 - 10
2025-10-19 16:08:05 INFO tests/my_test.rs:207 - 6
2025-10-19 16:08:05 INFO tests/my_test.rs:209 - None
2025-10-19 16:08:05 INFO tests/my_test.rs:228 - reroll
2025-10-19 16:13:49 INFO tests/my_test.rs:203 - 10
2025-10-19 16:13:49 INFO tests/my_test.rs:207 - 6
2025-10-19 16:13:49 INFO tests/my_test.rs:209 - None
2025-10-19 16:13:49 INFO tests/my_test.rs:233 - reroll
2025-10-19 16:13:49 INFO tests/my_test.rs:220 - three
2025-10-19 16:39:07 INFO tests/my_test.rs:228 - [1, 2, 3]
2025-10-19 16:39:43 INFO tests/my_test.rs:228 - [1, 2, 3]
2025-10-19 16:39:43 INFO tests/my_test.rs:235 - [5, 6, 7, 8]
2025-10-19 16:41:17 INFO tests/my_test.rs:228 - [1, 2, 3]
2025-10-19 16:41:17 INFO tests/my_test.rs:235 - [5, 6, 7, 8]
2025-10-19 16:41:17 INFO tests/my_test.rs:239 - The third element is 3
2025-10-19 16:41:56 INFO tests/my_test.rs:228 - [1, 2, 3]
2025-10-19 16:41:56 INFO tests/my_test.rs:235 - [5, 6, 7, 8]
2025-10-19 16:41:56 INFO tests/my_test.rs:239 - The third element is 3
2025-10-19 16:41:56 INFO tests/my_test.rs:242 - The third element is 3
2025-10-19 16:46:04 INFO tests/my_test.rs:228 - [1, 2, 3]
2025-10-19 16:46:04 INFO tests/my_test.rs:235 - [5, 6, 7, 8]
2025-10-19 16:46:04 INFO tests/my_test.rs:239 - The third element is 3
2025-10-19 16:46:04 INFO tests/my_test.rs:242 - The third element is 3
2025-10-19 16:46:04 INFO tests/my_test.rs:248 - 100
2025-10-19 16:46:04 INFO tests/my_test.rs:248 - 32
2025-10-19 16:46:04 INFO tests/my_test.rs:248 - 57
2025-10-19 16:47:08 INFO tests/my_test.rs:228 - [1, 2, 3]
2025-10-19 16:47:08 INFO tests/my_test.rs:235 - [5, 6, 7, 8]
2025-10-19 16:47:08 INFO tests/my_test.rs:239 - The third element is 3
2025-10-19 16:47:08 INFO tests/my_test.rs:242 - The third element is 3
2025-10-19 16:47:08 INFO tests/my_test.rs:248 - 100
2025-10-19 16:47:08 INFO tests/my_test.rs:248 - 32
2025-10-19 16:47:08 INFO tests/my_test.rs:248 - 57
2025-10-19 16:47:08 INFO tests/my_test.rs:255 - [150, 82, 107]
2025-10-19 18:28:37 INFO tests/my_test.rs:228 - [1, 2, 3]
2025-10-19 18:28:37 INFO tests/my_test.rs:235 - [5, 6, 7, 8]
2025-10-19 18:28:37 INFO tests/my_test.rs:239 - The third element is 3
2025-10-19 18:28:37 INFO tests/my_test.rs:242 - The third element is 3
2025-10-19 18:28:37 INFO tests/my_test.rs:248 - 100
2025-10-19 18:28:37 INFO tests/my_test.rs:248 - 32
2025-10-19 18:28:37 INFO tests/my_test.rs:248 - 57
2025-10-19 18:28:37 INFO tests/my_test.rs:255 - [150, 82, 107]
2025-10-19 18:28:37 INFO tests/my_test.rs:257 - こんにちは
2025-10-19 18:32:31 INFO tests/my_test.rs:228 - [1, 2, 3]
2025-10-19 18:32:31 INFO tests/my_test.rs:235 - [5, 6, 7, 8]
2025-10-19 18:32:31 INFO tests/my_test.rs:239 - The third element is 3
2025-10-19 18:32:31 INFO tests/my_test.rs:242 - The third element is 3
2025-10-19 18:32:31 INFO tests/my_test.rs:248 - 100
2025-10-19 18:32:31 INFO tests/my_test.rs:248 - 32
2025-10-19 18:32:31 INFO tests/my_test.rs:248 - 57
2025-10-19 18:32:31 INFO tests/my_test.rs:255 - [150, 82, 107]
2025-10-19 18:32:31 INFO tests/my_test.rs:257 - こんにちは
2025-10-19 18:32:31 INFO tests/my_test.rs:261 - hellobar
2025-10-19 18:33:37 INFO tests/my_test.rs:228 - [1, 2, 3]
2025-10-19 18:33:37 INFO tests/my_test.rs:235 - [5, 6, 7, 8]
2025-10-19 18:33:37 INFO tests/my_test.rs:239 - The third element is 3
2025-10-19 18:33:37 INFO tests/my_test.rs:242 - The third element is 3
2025-10-19 18:33:37 INFO tests/my_test.rs:248 - 100
2025-10-19 18:33:37 INFO tests/my_test.rs:248 - 32
2025-10-19 18:33:37 INFO tests/my_test.rs:248 - 57
2025-10-19 18:33:37 INFO tests/my_test.rs:255 - [150, 82, 107]
2025-10-19 18:33:37 INFO tests/my_test.rs:257 - こんにちは
2025-10-19 18:33:37 INFO tests/my_test.rs:261 - hellobar
2025-10-19 18:33:37 INFO tests/my_test.rs:266 - s2 is bar
2025-10-19 18:33:51 INFO tests/my_test.rs:228 - [1, 2, 3]
2025-10-19 18:33:51 INFO tests/my_test.rs:235 - [5, 6, 7, 8]
2025-10-19 18:33:51 INFO tests/my_test.rs:239 - The third element is 3
2025-10-19 18:33:51 INFO tests/my_test.rs:242 - The third element is 3
2025-10-19 18:33:51 INFO tests/my_test.rs:248 - 100
2025-10-19 18:33:51 INFO tests/my_test.rs:248 - 32
2025-10-19 18:33:51 INFO tests/my_test.rs:248 - 57
2025-10-19 18:33:51 INFO tests/my_test.rs:255 - [150, 82, 107]
2025-10-19 18:33:51 INFO tests/my_test.rs:257 - こんにちは
2025-10-19 18:33:51 INFO tests/my_test.rs:261 - hellobar
2025-10-19 18:33:51 INFO tests/my_test.rs:266 - s2 is bar
2025-10-19 18:33:51 INFO tests/my_test.rs:267 - s1 is foobar
2025-10-19 18:34:39 INFO tests/my_test.rs:228 - [1, 2, 3]
2025-10-19 18:34:39 INFO tests/my_test.rs:235 - [5, 6, 7, 8]
2025-10-19 18:34:39 INFO tests/my_test.rs:239 - The third element is 3
2025-10-19 18:34:39 INFO tests/my_test.rs:242 - The third element is 3
2025-10-19 18:34:39 INFO tests/my_test.rs:248 - 100
2025-10-19 18:34:39 INFO tests/my_test.rs:248 - 32
2025-10-19 18:34:39 INFO tests/my_test.rs:248 - 57
2025-10-19 18:34:39 INFO tests/my_test.rs:255 - [150, 82, 107]
2025-10-19 18:34:39 INFO tests/my_test.rs:257 - こんにちは
2025-10-19 18:34:39 INFO tests/my_test.rs:261 - hellobar
2025-10-19 18:34:39 INFO tests/my_test.rs:266 - s2 is bar
2025-10-19 18:34:39 INFO tests/my_test.rs:267 - s1 is foobar
2025-10-19 18:34:39 INFO tests/my_test.rs:271 - lol
2025-10-19 18:35:41 INFO tests/my_test.rs:228 - [1, 2, 3]
2025-10-19 18:35:41 INFO tests/my_test.rs:235 - [5, 6, 7, 8]
2025-10-19 18:35:41 INFO tests/my_test.rs:239 - The third element is 3
2025-10-19 18:35:41 INFO tests/my_test.rs:242 - The third element is 3
2025-10-19 18:35:41 INFO tests/my_test.rs:248 - 100
2025-10-19 18:35:41 INFO tests/my_test.rs:248 - 32
2025-10-19 18:35:41 INFO tests/my_test.rs:248 - 57
2025-10-19 18:35:41 INFO tests/my_test.rs:255 - [150, 82, 107]
2025-10-19 18:35:41 INFO tests/my_test.rs:257 - こんにちは
2025-10-19 18:35:41 INFO tests/my_test.rs:261 - hellobar
2025-10-19 18:35:41 INFO tests/my_test.rs:266 - s2 is bar
2025-10-19 18:35:41 INFO tests/my_test.rs:267 - s1 is foobar
2025-10-19 18:35:41 INFO tests/my_test.rs:271 - lol
2025-10-19 18:35:41 INFO tests/my_test.rs:276 - hello, world
2025-10-19 18:35:41 INFO tests/my_test.rs:277 - world
2025-10-19 18:39:02 INFO tests/my_test.rs:228 - [1, 2, 3]
2025-10-19 18:39:02 INFO tests/my_test.rs:235 - [5, 6, 7, 8]
2025-10-19 18:39:02 INFO tests/my_test.rs:239 - The third element is 3
2025-10-19 18:39:02 INFO tests/my_test.rs:242 - The third element is 3
2025-10-19 18:39:02 INFO tests/my_test.rs:248 - 100
2025-10-19 18:39:02 INFO tests/my_test.rs:248 - 32
2025-10-19 18:39:02 INFO tests/my_test.rs:248 - 57
2025-10-19 18:39:02 INFO tests/my_test.rs:255 - [150, 82, 107]
2025-10-19 18:39:02 INFO tests/my_test.rs:257 - こんにちは
2025-10-19 18:39:02 INFO tests/my_test.rs:261 - hellobar
2025-10-19 18:39:02 INFO tests/my_test.rs:266 - s2 is bar
2025-10-19 18:39:02 INFO tests/my_test.rs:267 - s1 is foobar
2025-10-19 18:39:02 INFO tests/my_test.rs:271 - lol
2025-10-19 18:39:02 INFO tests/my_test.rs:276 - hello, world
2025-10-19 18:39:02 INFO tests/my_test.rs:277 - world
2025-10-19 18:39:02 INFO tests/my_test.rs:282 -  s1 tic, s2: tac, s3: toe, s: tic-tac-toe
2025-10-19 18:41:42 INFO tests/my_test.rs:228 - [1, 2, 3]
2025-10-19 18:41:42 INFO tests/my_test.rs:235 - [5, 6, 7, 8]
2025-10-19 18:41:42 INFO tests/my_test.rs:239 - The third element is 3
2025-10-19 18:41:42 INFO tests/my_test.rs:242 - The third element is 3
2025-10-19 18:41:42 INFO tests/my_test.rs:248 - 100
2025-10-19 18:41:42 INFO tests/my_test.rs:248 - 32
2025-10-19 18:41:42 INFO tests/my_test.rs:248 - 57
2025-10-19 18:41:42 INFO tests/my_test.rs:255 - [150, 82, 107]
2025-10-19 18:41:42 INFO tests/my_test.rs:257 - こんにちは
2025-10-19 18:41:42 INFO tests/my_test.rs:261 - hellobar
2025-10-19 18:41:42 INFO tests/my_test.rs:266 - s2 is bar
2025-10-19 18:41:42 INFO tests/my_test.rs:267 - s1 is foobar
2025-10-19 18:41:42 INFO tests/my_test.rs:271 - lol
2025-10-19 18:41:42 INFO tests/my_test.rs:276 - hello, world
2025-10-19 18:41:42 INFO tests/my_test.rs:277 - world
2025-10-19 18:41:42 INFO tests/my_test.rs:282 -  s1 tic, s2: tac, s3: toe, s: tic-tac-toe
2025-10-19 18:41:42 INFO tests/my_test.rs:285 - न
2025-10-19 18:41:42 INFO tests/my_test.rs:285 - म
2025-10-19 18:41:42 INFO tests/my_test.rs:285 - स
2025-10-19 18:41:42 INFO tests/my_test.rs:285 - ्
2025-10-19 18:41:42 INFO tests/my_test.rs:285 - त
2025-10-19 18:41:42 INFO tests/my_test.rs:285 - े
2025-10-19 18:45:07 INFO tests/my_test.rs:228 - [1, 2, 3]
2025-10-19 18:45:07 INFO tests/my_test.rs:235 - [5, 6, 7, 8]
2025-10-19 18:45:07 INFO tests/my_test.rs:239 - The third element is 3
2025-10-19 18:45:07 INFO tests/my_test.rs:242 - The third element is 3
2025-10-19 18:45:07 INFO tests/my_test.rs:248 - 100
2025-10-19 18:45:07 INFO tests/my_test.rs:248 - 32
2025-10-19 18:45:07 INFO tests/my_test.rs:248 - 57
2025-10-19 18:45:07 INFO tests/my_test.rs:255 - [150, 82, 107]
2025-10-19 18:45:07 INFO tests/my_test.rs:257 - こんにちは
2025-10-19 18:45:07 INFO tests/my_test.rs:261 - hellobar
2025-10-19 18:45:07 INFO tests/my_test.rs:266 - s2 is bar
2025-10-19 18:45:07 INFO tests/my_test.rs:267 - s1 is foobar
2025-10-19 18:45:07 INFO tests/my_test.rs:271 - lol
2025-10-19 18:45:07 INFO tests/my_test.rs:276 - hello, world
2025-10-19 18:45:07 INFO tests/my_test.rs:277 - world
2025-10-19 18:45:07 INFO tests/my_test.rs:282 -  s1 tic, s2: tac, s3: toe, s: tic-tac-toe
2025-10-19 18:45:07 INFO tests/my_test.rs:285 - न
2025-10-19 18:45:07 INFO tests/my_test.rs:285 - म
2025-10-19 18:45:07 INFO tests/my_test.rs:285 - स
2025-10-19 18:45:07 INFO tests/my_test.rs:285 - ्
2025-10-19 18:45:07 INFO tests/my_test.rs:285 - त
2025-10-19 18:45:07 INFO tests/my_test.rs:285 - े
2025-10-19 18:45:07 INFO tests/my_test.rs:291 - {"Blue": 10, "Yellow": 50}
2025-10-19 18:47:31 INFO tests/my_test.rs:228 - [1, 2, 3]
2025-10-19 18:47:31 INFO tests/my_test.rs:235 - [5, 6, 7, 8]
2025-10-19 18:47:31 INFO tests/my_test.rs:239 - The third element is 3
2025-10-19 18:47:31 INFO tests/my_test.rs:242 - The third element is 3
2025-10-19 18:47:31 INFO tests/my_test.rs:248 - 100
2025-10-19 18:47:31 INFO tests/my_test.rs:248 - 32
2025-10-19 18:47:31 INFO tests/my_test.rs:248 - 57
2025-10-19 18:47:31 INFO tests/my_test.rs:255 - [150, 82, 107]
2025-10-19 18:47:31 INFO tests/my_test.rs:257 - こんにちは
2025-10-19 18:47:31 INFO tests/my_test.rs:261 - hellobar
2025-10-19 18:47:31 INFO tests/my_test.rs:266 - s2 is bar
2025-10-19 18:47:31 INFO tests/my_test.rs:267 - s1 is foobar
2025-10-19 18:47:31 INFO tests/my_test.rs:271 - lol
2025-10-19 18:47:31 INFO tests/my_test.rs:276 - hello, world
2025-10-19 18:47:31 INFO tests/my_test.rs:277 - world
2025-10-19 18:47:31 INFO tests/my_test.rs:282 -  s1 tic, s2: tac, s3: toe, s: tic-tac-toe
2025-10-19 18:47:31 INFO tests/my_test.rs:285 - न
2025-10-19 18:47:31 INFO tests/my_test.rs:285 - म
2025-10-19 18:47:31 INFO tests/my_test.rs:285 - स
2025-10-19 18:47:31 INFO tests/my_test.rs:285 - ्
2025-10-19 18:47:31 INFO tests/my_test.rs:285 - त
2025-10-19 18:47:31 INFO tests/my_test.rs:285 - े
2025-10-19 18:47:31 INFO tests/my_test.rs:291 - {"Blue": 10, "Yellow": 50}
2025-10-19 18:47:31 INFO tests/my_test.rs:296 - {"Blue": 10, "yellow": 50}
2025-10-19 18:50:16 INFO tests/my_test.rs:228 - [1, 2, 3]
2025-10-19 18:50:16 INFO tests/my_test.rs:235 - [5, 6, 7, 8]
2025-10-19 18:50:16 INFO tests/my_test.rs:239 - The third element is 3
2025-10-19 18:50:16 INFO tests/my_test.rs:242 - The third element is 3
2025-10-19 18:50:16 INFO tests/my_test.rs:248 - 100
2025-10-19 18:50:16 INFO tests/my_test.rs:248 - 32
2025-10-19 18:50:16 INFO tests/my_test.rs:248 - 57
2025-10-19 18:50:16 INFO tests/my_test.rs:255 - [150, 82, 107]
2025-10-19 18:50:16 INFO tests/my_test.rs:257 - こんにちは
2025-10-19 18:50:16 INFO tests/my_test.rs:261 - hellobar
2025-10-19 18:50:16 INFO tests/my_test.rs:266 - s2 is bar
2025-10-19 18:50:16 INFO tests/my_test.rs:267 - s1 is foobar
2025-10-19 18:50:16 INFO tests/my_test.rs:271 - lol
2025-10-19 18:50:16 INFO tests/my_test.rs:276 - hello, world
2025-10-19 18:50:16 INFO tests/my_test.rs:277 - world
2025-10-19 18:50:16 INFO tests/my_test.rs:282 -  s1 tic, s2: tac, s3: toe, s: tic-tac-toe
2025-10-19 18:50:16 INFO tests/my_test.rs:285 - न
2025-10-19 18:50:16 INFO tests/my_test.rs:285 - म
2025-10-19 18:50:16 INFO tests/my_test.rs:285 - स
2025-10-19 18:50:16 INFO tests/my_test.rs:285 - ्
2025-10-19 18:50:16 INFO tests/my_test.rs:285 - त
2025-10-19 18:50:16 INFO tests/my_test.rs:285 - े
2025-10-19 18:50:16 INFO tests/my_test.rs:291 - {"Yellow": 50, "Blue": 10}
2025-10-19 18:50:16 INFO tests/my_test.rs:296 - {"yellow": 50, "Blue": 10}
2025-10-19 18:50:16 INFO tests/my_test.rs:300 - score: 10
2025-10-19 18:51:00 INFO tests/my_test.rs:228 - [1, 2, 3]
2025-10-19 18:51:00 INFO tests/my_test.rs:235 - [5, 6, 7, 8]
2025-10-19 18:51:00 INFO tests/my_test.rs:239 - The third element is 3
2025-10-19 18:51:00 INFO tests/my_test.rs:242 - The third element is 3
2025-10-19 18:51:00 INFO tests/my_test.rs:248 - 100
2025-10-19 18:51:00 INFO tests/my_test.rs:248 - 32
2025-10-19 18:51:00 INFO tests/my_test.rs:248 - 57
2025-10-19 18:51:00 INFO tests/my_test.rs:255 - [150, 82, 107]
2025-10-19 18:51:00 INFO tests/my_test.rs:257 - こんにちは
2025-10-19 18:51:00 INFO tests/my_test.rs:261 - hellobar
2025-10-19 18:51:00 INFO tests/my_test.rs:266 - s2 is bar
2025-10-19 18:51:00 INFO tests/my_test.rs:267 - s1 is foobar
2025-10-19 18:51:00 INFO tests/my_test.rs:271 - lol
2025-10-19 18:51:00 INFO tests/my_test.rs:276 - hello, world
2025-10-19 18:51:00 INFO tests/my_test.rs:277 - world
2025-10-19 18:51:00 INFO tests/my_test.rs:282 -  s1 tic, s2: tac, s3: toe, s: tic-tac-toe
2025-10-19 18:51:00 INFO tests/my_test.rs:285 - न
2025-10-19 18:51:00 INFO tests/my_test.rs:285 - म
2025-10-19 18:51:00 INFO tests/my_test.rs:285 - स
2025-10-19 18:51:00 INFO tests/my_test.rs:285 - ्
2025-10-19 18:51:00 INFO tests/my_test.rs:285 - त
2025-10-19 18:51:00 INFO tests/my_test.rs:285 - े
2025-10-19 18:51:00 INFO tests/my_test.rs:291 - {"Yellow": 50, "Blue": 10}
2025-10-19 18:51:00 INFO tests/my_test.rs:296 - {"Blue": 10, "yellow": 50}
2025-10-19 18:51:00 INFO tests/my_test.rs:300 - score: 10
2025-10-19 18:51:00 INFO tests/my_test.rs:303 - Blue: 10
2025-10-19 18:51:00 INFO tests/my_test.rs:303 - yellow: 50
2025-10-19 18:53:51 INFO tests/my_test.rs:228 - [1, 2, 3]
2025-10-19 18:53:51 INFO tests/my_test.rs:235 - [5, 6, 7, 8]
2025-10-19 18:53:51 INFO tests/my_test.rs:239 - The third element is 3
2025-10-19 18:53:51 INFO tests/my_test.rs:242 - The third element is 3
2025-10-19 18:53:51 INFO tests/my_test.rs:248 - 100
2025-10-19 18:53:51 INFO tests/my_test.rs:248 - 32
2025-10-19 18:53:51 INFO tests/my_test.rs:248 - 57
2025-10-19 18:53:51 INFO tests/my_test.rs:255 - [150, 82, 107]
2025-10-19 18:53:51 INFO tests/my_test.rs:257 - こんにちは
2025-10-19 18:53:51 INFO tests/my_test.rs:261 - hellobar
2025-10-19 18:53:51 INFO tests/my_test.rs:266 - s2 is bar
2025-10-19 18:53:51 INFO tests/my_test.rs:267 - s1 is foobar
2025-10-19 18:53:51 INFO tests/my_test.rs:271 - lol
2025-10-19 18:53:51 INFO tests/my_test.rs:276 - hello, world
2025-10-19 18:53:51 INFO tests/my_test.rs:277 - world
2025-10-19 18:53:51 INFO tests/my_test.rs:282 -  s1 tic, s2: tac, s3: toe, s: tic-tac-toe
2025-10-19 18:53:51 INFO tests/my_test.rs:285 - न
2025-10-19 18:53:51 INFO tests/my_test.rs:285 - म
2025-10-19 18:53:51 INFO tests/my_test.rs:285 - स
2025-10-19 18:53:51 INFO tests/my_test.rs:285 - ्
2025-10-19 18:53:51 INFO tests/my_test.rs:285 - त
2025-10-19 18:53:51 INFO tests/my_test.rs:285 - े
2025-10-19 18:53:51 INFO tests/my_test.rs:291 - {"Blue": 10, "Yellow": 50}
2025-10-19 18:53:51 INFO tests/my_test.rs:296 - {"yellow": 50, "Blue": 10}
2025-10-19 18:53:51 INFO tests/my_test.rs:300 - score: 10
2025-10-19 18:53:51 INFO tests/my_test.rs:303 - yellow: 50
2025-10-19 18:53:51 INFO tests/my_test.rs:303 - Blue: 10
2025-10-19 18:53:51 INFO tests/my_test.rs:309 - {"Blue": 25}
2025-10-19 18:56:32 INFO tests/my_test.rs:228 - [1, 2, 3]
2025-10-19 18:56:32 INFO tests/my_test.rs:235 - [5, 6, 7, 8]
2025-10-19 18:56:32 INFO tests/my_test.rs:239 - The third element is 3
2025-10-19 18:56:32 INFO tests/my_test.rs:242 - The third element is 3
2025-10-19 18:56:32 INFO tests/my_test.rs:248 - 100
2025-10-19 18:56:32 INFO tests/my_test.rs:248 - 32
2025-10-19 18:56:32 INFO tests/my_test.rs:248 - 57
2025-10-19 18:56:32 INFO tests/my_test.rs:255 - [150, 82, 107]
2025-10-19 18:56:32 INFO tests/my_test.rs:257 - こんにちは
2025-10-19 18:56:32 INFO tests/my_test.rs:261 - hellobar
2025-10-19 18:56:32 INFO tests/my_test.rs:266 - s2 is bar
2025-10-19 18:56:32 INFO tests/my_test.rs:267 - s1 is foobar
2025-10-19 18:56:32 INFO tests/my_test.rs:271 - lol
2025-10-19 18:56:32 INFO tests/my_test.rs:276 - hello, world
2025-10-19 18:56:32 INFO tests/my_test.rs:277 - world
2025-10-19 18:56:32 INFO tests/my_test.rs:282 -  s1 tic, s2: tac, s3: toe, s: tic-tac-toe
2025-10-19 18:56:32 INFO tests/my_test.rs:285 - न
2025-10-19 18:56:32 INFO tests/my_test.rs:285 - म
2025-10-19 18:56:32 INFO tests/my_test.rs:285 - स
2025-10-19 18:56:32 INFO tests/my_test.rs:285 - ्
2025-10-19 18:56:32 INFO tests/my_test.rs:285 - त
2025-10-19 18:56:32 INFO tests/my_test.rs:285 - े
2025-10-19 18:56:32 INFO tests/my_test.rs:291 - {"Blue": 10, "Yellow": 50}
2025-10-19 18:56:32 INFO tests/my_test.rs:296 - {"yellow": 50, "Blue": 10}
2025-10-19 18:56:32 INFO tests/my_test.rs:300 - score: 10
2025-10-19 18:56:32 INFO tests/my_test.rs:303 - yellow: 50
2025-10-19 18:56:32 INFO tests/my_test.rs:303 - Blue: 10
2025-10-19 18:56:32 INFO tests/my_test.rs:309 - {"Blue": 25}
2025-10-19 18:56:32 INFO tests/my_test.rs:316 - {"Blue": 10, "Yellow": 50}
2025-10-19 18:58:43 INFO tests/my_test.rs:228 - [1, 2, 3]
2025-10-19 18:58:43 INFO tests/my_test.rs:235 - [5, 6, 7, 8]
2025-10-19 18:58:43 INFO tests/my_test.rs:239 - The third element is 3
2025-10-19 18:58:43 INFO tests/my_test.rs:242 - The third element is 3
2025-10-19 18:58:43 INFO tests/my_test.rs:248 - 100
2025-10-19 18:58:43 INFO tests/my_test.rs:248 - 32
2025-10-19 18:58:43 INFO tests/my_test.rs:248 - 57
2025-10-19 18:58:43 INFO tests/my_test.rs:255 - [150, 82, 107]
2025-10-19 18:58:43 INFO tests/my_test.rs:257 - こんにちは
2025-10-19 18:58:43 INFO tests/my_test.rs:261 - hellobar
2025-10-19 18:58:43 INFO tests/my_test.rs:266 - s2 is bar
2025-10-19 18:58:43 INFO tests/my_test.rs:267 - s1 is foobar
2025-10-19 18:58:43 INFO tests/my_test.rs:271 - lol
2025-10-19 18:58:43 INFO tests/my_test.rs:276 - hello, world
2025-10-19 18:58:43 INFO tests/my_test.rs:277 - world
2025-10-19 18:58:43 INFO tests/my_test.rs:282 -  s1 tic, s2: tac, s3: toe, s: tic-tac-toe
2025-10-19 18:58:43 INFO tests/my_test.rs:285 - न
2025-10-19 18:58:43 INFO tests/my_test.rs:285 - म
2025-10-19 18:58:43 INFO tests/my_test.rs:285 - स
2025-10-19 18:58:43 INFO tests/my_test.rs:285 - ्
2025-10-19 18:58:43 INFO tests/my_test.rs:285 - त
2025-10-19 18:58:43 INFO tests/my_test.rs:285 - े
2025-10-19 18:58:43 INFO tests/my_test.rs:291 - {"Blue": 10, "Yellow": 50}
2025-10-19 18:58:43 INFO tests/my_test.rs:296 - {"Blue": 10, "yellow": 50}
2025-10-19 18:58:43 INFO tests/my_test.rs:300 - score: 10
2025-10-19 18:58:43 INFO tests/my_test.rs:303 - Blue: 10
2025-10-19 18:58:43 INFO tests/my_test.rs:303 - yellow: 50
2025-10-19 18:58:43 INFO tests/my_test.rs:309 - {"Blue": 25}
2025-10-19 18:58:43 INFO tests/my_test.rs:316 - {"Yellow": 50, "Blue": 10}
2025-10-19 18:58:43 INFO tests/my_test.rs:325 - {"wonderful": 1, "hello": 1, "world": 2}
2025-10-19 21:11:09 INFO tests/my_test.rs:354 - The largest number is 100
2025-10-19 21:13:04 INFO tests/my_test.rs:354 - The largest number is 100
2025-10-19 21:13:04 INFO tests/my_test.rs:358 - The largest number is 6000
2025-10-19 21:23:05 INFO tests/my_test.rs:354 - The largest number is 100
2025-10-19 21:23:05 INFO tests/my_test.rs:358 - The largest number is 6000
2025-10-19 21:23:05 INFO tests/my_test.rs:362 - The largest char is y
2025-10-19 21:23:46 INFO tests/my_test.rs:354 - The largest number is 100
2025-10-19 21:23:46 INFO tests/my_test.rs:358 - The largest number is 6000
2025-10-19 21:23:46 INFO tests/my_test.rs:361 - The largest number is 6000
2025-10-19 21:23:46 INFO tests/my_test.rs:365 - The largest char is y
2025-10-19 21:27:49 INFO tests/my_test.rs:373 - p.x = 5
2025-10-19 21:33:28 INFO tests/my_test.rs:373 - p.x = 5
2025-10-19 21:33:28 INFO tests/my_test.rs:378 - p3.x = 5, p3.y = c
2025-10-20 11:24:41 INFO tests\test_trait.rs:53 - 1 new tweet: horse_ebooks: of course, as you probably already know, people
2025-10-20 11:46:06 INFO tests\test_trait.rs:55 - 1 new tweet: horse_ebooks: of course, as you probably already know, people
2025-10-20 13:23:19 INFO tests\test_trait.rs:55 - 1 new tweet: horse_ebooks: of course, as you probably already know, people
2025-10-20 13:25:43 INFO tests\test_trait.rs:55 - 1 new tweet: horse_ebooks: of course, as you probably already know, people
2025-10-20 13:25:43 INFO tests\test_trait.rs:63 - New article avialble! (Read more...)
2025-10-20 13:29:11 INFO tests\test_trait.rs:63 - 1 new tweet: horse_ebooks: of course, as you probably already know, people
2025-10-20 13:29:11 INFO tests\test_trait.rs:71 - New article avialble! (Read more from @Iceburgh...)
2025-10-20 13:29:23 INFO tests\test_trait.rs:60 - 1 new tweet: (Read more from @horse_ebooks...)
2025-10-20 13:29:23 INFO tests\test_trait.rs:68 - New article avialble! (Read more from @Iceburgh...)
2025-10-20 13:31:37 INFO tests\test_trait.rs:64 - 1 new tweet: (Read more from @horse_ebooks...)
2025-10-20 13:31:37 INFO tests\test_trait.rs:72 - New article avialble! (Read more from @Iceburgh...)
2025-10-20 13:31:37 INFO tests\test_trait.rs:51 - Breaking news! (Read more from @Iceburgh...)
2025-10-20 13:34:58 INFO tests\test_trait.rs:64 - 1 new tweet: (Read more from @horse_ebooks...)
2025-10-20 13:34:58 INFO tests\test_trait.rs:72 - New article avialble! (Read more from @Iceburgh...)
2025-10-20 13:34:58 INFO tests\test_trait.rs:51 - Breaking news! (Read more from @Iceburgh...)
2025-10-20 13:43:32 INFO tests\test_trait.rs:68 - 1 new tweet: (Read more from @horse_ebooks...)
2025-10-20 13:43:32 INFO tests\test_trait.rs:76 - New article avialble! (Read more from @Iceburgh...)
2025-10-20 13:43:32 INFO tests\test_trait.rs:51 - Breaking news! (Read more from @Iceburgh...)
2025-10-20 13:50:46 INFO tests\my_test.rs:426 - The largest number is 100
2025-10-20 13:50:46 INFO tests\my_test.rs:430 - The largest char is y
2025-10-20 14:28:46 INFO tests\test_trait.rs:103 - The longest string is abcd
2025-10-20 14:35:26 INFO tests\test_trait.rs:115 - The longest string is long string is long
2025-10-20 14:35:31 INFO tests\test_trait.rs:115 - The longest string is long string is long
2025-10-20 20:08:12 INFO tests/test_trait.rs:98 - calculating slowly...
2025-10-20 20:08:14 INFO tests/test_trait.rs:105 - Today, do 10 pushups!
2025-10-20 20:08:14 INFO tests/test_trait.rs:98 - calculating slowly...
2025-10-20 20:08:16 INFO tests/test_trait.rs:106 - Next, do 10 situps!
2025-10-20 20:09:48 INFO tests/test_trait.rs:98 - calculating slowly...
2025-10-20 20:09:50 INFO tests/test_trait.rs:106 - Today, do 10 pushups!
2025-10-20 20:09:50 INFO tests/test_trait.rs:107 - Next, do 10 situps!
2025-10-20 20:11:24 INFO tests/test_trait.rs:107 - calculating slowly...
2025-10-20 20:11:26 INFO tests/test_trait.rs:113 - Today, do 10 pushups!
2025-10-20 20:11:26 INFO tests/test_trait.rs:107 - calculating slowly...
2025-10-20 20:11:28 INFO tests/test_trait.rs:114 - Next, do 10 situps!
2025-10-20 20:37:37 INFO tests/test_trait.rs:107 - calculating slowly...
2025-10-20 20:37:39 INFO tests/test_trait.rs:113 - Today, do 10 pushups!
2025-10-20 20:37:39 INFO tests/test_trait.rs:114 - Next, do 10 situps!
2025-10-20 21:44:27 INFO tests/test_trait.rs:161 - true
2025-10-21 11:06:07 INFO tests\test_trait.rs:161 - true
2025-10-21 11:30:41 INFO tests\test_trait.rs:159 - [1, 2, 3]
2025-10-21 11:30:46 INFO tests\test_trait.rs:159 - [1, 2, 3]
2025-10-21 11:31:53 INFO tests\test_trait.rs:159 - [1, 2, 3]
2025-10-21 11:31:53 INFO tests\test_trait.rs:162 - Got: 1
2025-10-21 11:31:53 INFO tests\test_trait.rs:162 - Got: 2
2025-10-21 11:31:53 INFO tests\test_trait.rs:162 - Got: 3
2025-10-21 13:37:18 INFO tests\test_trait.rs:159 - [1, 2, 3]
2025-10-21 13:37:18 INFO tests\test_trait.rs:162 - Got: 1
2025-10-21 13:37:18 INFO tests\test_trait.rs:162 - Got: 2
2025-10-21 13:37:18 INFO tests\test_trait.rs:162 - Got: 3
2025-10-21 13:37:18 INFO tests\test_trait.rs:167 - Some(1)
2025-10-21 13:42:53 INFO tests\test_trait.rs:159 - [1, 2, 3]
2025-10-21 13:42:53 INFO tests\test_trait.rs:162 - Got: 1
2025-10-21 13:42:53 INFO tests\test_trait.rs:162 - Got: 2
2025-10-21 13:42:53 INFO tests\test_trait.rs:162 - Got: 3
2025-10-21 13:42:53 INFO tests\test_trait.rs:167 - Some(1)
2025-10-21 13:42:53 INFO tests\test_trait.rs:172 - 6
2025-10-21 13:46:48 INFO tests\test_trait.rs:159 - [1, 2, 3]
2025-10-21 13:46:48 INFO tests\test_trait.rs:162 - Got: 1
2025-10-21 13:46:48 INFO tests\test_trait.rs:162 - Got: 2
2025-10-21 13:46:48 INFO tests\test_trait.rs:162 - Got: 3
2025-10-21 13:46:48 INFO tests\test_trait.rs:167 - Some(1)
2025-10-21 13:46:48 INFO tests\test_trait.rs:172 - 6
2025-10-21 13:46:48 INFO tests\test_trait.rs:176 - [2, 3, 4]
2025-10-21 14:20:43 INFO tests\test_trait.rs:177 - [Shoe { size: 10, style: "sneaker" }, Shoe { size: 10, style: "boot" }]
2025-10-21 14:21:45 INFO tests\test_trait.rs:177 - [Shoe { size: 10, style: "sneaker" }, Shoe { size: 10, style: "boot" }]
2025-10-21 14:30:51 INFO tests\test_trait.rs:194 - Some(1)
2025-10-21 14:33:16 INFO tests\test_trait.rs:194 - Some(1)
2025-10-21 14:33:16 INFO tests\test_trait.rs:197 - 2
2025-10-21 14:33:16 INFO tests\test_trait.rs:197 - 3
2025-10-21 14:33:16 INFO tests\test_trait.rs:197 - 4
2025-10-21 14:33:16 INFO tests\test_trait.rs:197 - 5
2025-10-21 14:33:23 INFO tests\test_trait.rs:197 - 1
2025-10-21 14:33:23 INFO tests\test_trait.rs:197 - 2
2025-10-21 14:33:23 INFO tests\test_trait.rs:197 - 3
2025-10-21 14:33:23 INFO tests\test_trait.rs:197 - 4
2025-10-21 14:33:23 INFO tests\test_trait.rs:197 - 5
2025-10-21 14:37:50 INFO tests\test_trait.rs:197 - 1
2025-10-21 14:37:50 INFO tests\test_trait.rs:197 - 2
2025-10-21 14:37:50 INFO tests\test_trait.rs:197 - 3
2025-10-21 14:37:50 INFO tests\test_trait.rs:197 - 4
2025-10-21 14:37:50 INFO tests\test_trait.rs:197 - 5
2025-10-21 14:37:50 INFO tests\test_trait.rs:205 - sum: 18
2025-10-21 21:08:03 INFO tests/my_box.rs:16 - b = 5
2025-10-21 21:24:43 INFO tests/my_box.rs:38 - 5
2025-10-21 21:24:43 INFO tests/my_box.rs:39 - 5
2025-10-21 21:25:07 INFO tests/my_box.rs:38 - 5
2025-10-21 21:25:07 INFO tests/my_box.rs:39 - 0x7cc3133fe2dc
2025-10-21 21:25:21 INFO tests/my_box.rs:38 - 5
2025-10-21 21:25:21 INFO tests/my_box.rs:39 - 0x75bfa2ffe24c
2025-10-21 21:25:21 INFO tests/my_box.rs:40 - 0x75bfa2ffe24c
2025-10-21 21:26:05 INFO tests/my_box.rs:38 - 5
2025-10-21 21:26:05 INFO tests/my_box.rs:39 - 0x75930d3fe0f4
2025-10-21 21:26:05 INFO tests/my_box.rs:40 - 0x75930d3fe0f4
2025-10-21 21:26:05 INFO tests/my_box.rs:44 - 0x75930d3fe2a4
2025-10-21 21:26:05 INFO tests/my_box.rs:45 - 0x759308015240
2025-10-21 21:26:18 INFO tests/my_box.rs:38 - 5
2025-10-21 21:26:18 INFO tests/my_box.rs:39 - 0x71e343dfe0f4
2025-10-21 21:26:18 INFO tests/my_box.rs:40 - 0x71e343dfe0f4
2025-10-21 21:26:18 INFO tests/my_box.rs:44 - 0x71e343dfe2a4
2025-10-21 21:26:18 INFO tests/my_box.rs:45 - 0x71e343dfe2a8
2025-10-21 21:26:19 INFO tests/my_box.rs:38 - 5
2025-10-21 21:26:19 INFO tests/my_box.rs:39 - 0x7881c55fe0f4
2025-10-21 21:26:19 INFO tests/my_box.rs:40 - 0x7881c55fe0f4
2025-10-21 21:26:19 INFO tests/my_box.rs:44 - 0x7881c55fe2a4
2025-10-21 21:26:19 INFO tests/my_box.rs:45 - 0x7881c55fe2a8
2025-10-21 21:29:37 INFO tests/my_box.rs:40 - 5
2025-10-21 21:29:37 INFO tests/my_box.rs:41 - 0x7499cbffdfc4
2025-10-21 21:29:37 INFO tests/my_box.rs:42 - 0x7499cbffdfc4
2025-10-21 21:29:37 INFO tests/my_box.rs:46 - 0x7499cbffe174
2025-10-21 21:29:37 INFO tests/my_box.rs:47 - 0x7499cbffe178
2025-10-21 21:29:37 INFO tests/my_box.rs:51 - 0x7499cbffe2a8
2025-10-21 21:29:37 INFO tests/my_box.rs:52 - 0x7499cbffe2ac
2025-10-21 21:29:48 INFO tests/my_box.rs:40 - 5
2025-10-21 21:29:48 INFO tests/my_box.rs:41 - 0x7b24567fdfc4
2025-10-21 21:29:48 INFO tests/my_box.rs:42 - 0x7b24567fdfc4
2025-10-21 21:29:48 INFO tests/my_box.rs:46 - 0x7b24567fe174
2025-10-21 21:29:48 INFO tests/my_box.rs:47 - 0x7b24567fe178
2025-10-21 21:29:48 INFO tests/my_box.rs:51 - 0x7b24567fe2a8
2025-10-21 21:29:48 INFO tests/my_box.rs:52 - 0x7b24567fe2ac
2025-10-21 21:29:56 INFO tests/my_box.rs:40 - 5
2025-10-21 21:29:56 INFO tests/my_box.rs:41 - 0x7832b07fdfc4
2025-10-21 21:29:56 INFO tests/my_box.rs:42 - 0x7832b07fdfc4
2025-10-21 21:29:56 INFO tests/my_box.rs:46 - 0x7832b07fe174
2025-10-21 21:29:56 INFO tests/my_box.rs:47 - 0x7832b07fe178
2025-10-21 21:29:56 INFO tests/my_box.rs:51 - 0x7832b07fe2a8
2025-10-21 21:29:56 INFO tests/my_box.rs:52 - 0x7832b07fe2ac
2025-10-21 21:30:16 INFO tests/my_box.rs:40 - 5
2025-10-21 21:30:16 INFO tests/my_box.rs:41 - 0x7cb4163fdea4
2025-10-21 21:30:16 INFO tests/my_box.rs:42 - 0x7cb4163fdea4
2025-10-21 21:30:16 INFO tests/my_box.rs:46 - 0x7cb4163fe054
2025-10-21 21:30:16 INFO tests/my_box.rs:47 - 0x7cb4163fe058
2025-10-21 21:30:16 INFO tests/my_box.rs:51 - 0x7cb4163fe188
2025-10-21 21:30:16 INFO tests/my_box.rs:52 - 0x7cb4163fe18c
2025-10-21 21:30:16 INFO tests/my_box.rs:53 - 5
2025-10-21 21:30:16 INFO tests/my_box.rs:54 - 5
2025-10-21 21:38:18 INFO tests/my_box.rs:40 - 5
2025-10-21 21:38:18 INFO tests/my_box.rs:41 - 0x7229193fde74
2025-10-21 21:38:18 INFO tests/my_box.rs:42 - 0x7229193fde74
2025-10-21 21:38:18 INFO tests/my_box.rs:46 - 0x7229193fe024
2025-10-21 21:38:18 INFO tests/my_box.rs:47 - 0x7229193fe028
2025-10-21 21:38:18 INFO tests/my_box.rs:51 - 0x7229193fe158
2025-10-21 21:38:18 INFO tests/my_box.rs:52 - 0x7229193fe15c
2025-10-21 21:38:18 INFO tests/my_box.rs:53 - 5
2025-10-21 21:38:18 INFO tests/my_box.rs:54 - 5
2025-10-21 21:38:18 INFO tests/my_box.rs:62 - Hello, Rust!
2025-10-21 21:47:38 INFO tests/my_box.rs:40 - 5
2025-10-21 21:47:38 INFO tests/my_box.rs:41 - 0x7f39bcdfdda4
2025-10-21 21:47:38 INFO tests/my_box.rs:42 - 0x7f39bcdfdda4
2025-10-21 21:47:38 INFO tests/my_box.rs:46 - 0x7f39bcdfdf54
2025-10-21 21:47:38 INFO tests/my_box.rs:47 - 0x7f39bcdfdf58
2025-10-21 21:47:38 INFO tests/my_box.rs:51 - 0x7f39bcdfe088
2025-10-21 21:47:38 INFO tests/my_box.rs:52 - 0x7f39bcdfe08c
2025-10-21 21:47:38 INFO tests/my_box.rs:53 - 5
2025-10-21 21:47:38 INFO tests/my_box.rs:54 - 5
2025-10-21 21:47:38 INFO tests/my_box.rs:76 - Hello, Rust!
2025-10-21 21:47:38 INFO tests/my_box.rs:61 - CustomSmartPointers created.
2025-10-21 21:47:38 INFO tests/my_box.rs:71 - Dropping CustomSmartPionter with data `other stuff`!
2025-10-21 21:47:38 INFO tests/my_box.rs:71 - Dropping CustomSmartPionter with data `my stuff`!
